[13:53:59] [main/INFO] (FabricLoader/GameProvider) Loading Minecraft 1.18.2 with Fabric Loader 0.13.3
[13:53:59] [main/INFO] (FabricLoader) Loading 47 mods:
	- fabric 0.47.8+1.18.2
	- fabric-api-base 0.4.3+d7c144a8d2
	- fabric-api-lookup-api-v1 1.5.6+d7c144a8d2
	- fabric-biome-api-v1 8.0.1+2873dd57d2
	- fabric-blockrenderlayer-v1 1.1.11+3ac43d95d2
	- fabric-command-api-v1 1.1.8+d7c144a8d2
	- fabric-commands-v0 0.2.7+b4f4f6cdd2
	- fabric-containers-v0 0.1.20+d7c144a8d2
	- fabric-content-registries-v0 3.0.0+d82b9392d2
	- fabric-crash-report-info-v1 0.1.10+3ac43d95d2
	- fabric-data-generation-api-v1 2.0.4+ebd24f87d2
	- fabric-dimensions-v1 2.1.16+25407454d2
	- fabric-entity-events-v1 1.4.7+d7c144a8d2
	- fabric-events-interaction-v0 0.4.18+d7c144a8d2
	- fabric-events-lifecycle-v0 0.2.12+d7c144a8d2
	- fabric-game-rule-api-v1 1.0.12+d7c144a8d2
	- fabric-gametest-api-v1 1.0.13+25407454d2
	- fabric-item-api-v1 1.3.2+691a79b5d2
	- fabric-item-groups-v0 0.3.8+3ac43d95d2
	- fabric-key-binding-api-v1 1.0.11+54e5b2ecd2
	- fabric-keybindings-v0 0.2.9+b4f4f6cdd2
	- fabric-lifecycle-events-v1 2.0.1+25407454d2
	- fabric-loot-tables-v1 1.0.10+d7c144a8d2
	- fabric-mining-level-api-v1 2.0.2+d1027f7dd2
	- fabric-models-v0 0.3.5+d7c144a8d2
	- fabric-networking-api-v1 1.0.20+d882b915d2
	- fabric-networking-v0 0.3.7+b4f4f6cdd2
	- fabric-object-builder-api-v1 2.0.1+d882b915d2
	- fabric-particles-v1 0.2.11+526dc1acd2
	- fabric-registry-sync-v0 0.9.5+55dca1a4d2
	- fabric-renderer-api-v1 0.4.12+d882b915d2
	- fabric-renderer-indigo 0.4.16+d8c7b9aed2
	- fabric-renderer-registries-v1 3.2.10+b4f4f6cdd2
	- fabric-rendering-data-attachment-v1 0.3.6+d7c144a8d2
	- fabric-rendering-fluids-v1 2.0.1+54e5b2ecd2
	- fabric-rendering-v0 1.1.12+b4f4f6cdd2
	- fabric-rendering-v1 1.10.6+54e5b2ecd2
	- fabric-resource-conditions-api-v1 2.0.1+d1027f7dd2
	- fabric-resource-loader-v0 0.4.16+55dca1a4d2
	- fabric-screen-api-v1 1.0.9+d882b915d2
	- fabric-screen-handler-api-v1 1.1.13+d7c144a8d2
	- fabric-textures-v0 1.0.11+3ac43d95d2
	- fabric-transfer-api-v1 1.5.12+d882b915d2
	- fabricloader 0.13.3
	- java 17
	- minecraft 1.18.2
	- modid 1.0.0
[13:53:59] [main/INFO] (FabricLoader/Mixin) SpongePowered MIXIN Subsystem Version=0.8.5 Source=file:/home/n7student/.gradle/caches/modules-2/files-2.1/net.fabricmc/sponge-mixin/0.11.2+mixin.0.8.5/f4ae569d559b5e3244b67321945261d83ff7ad8e/sponge-mixin-0.11.2+mixin.0.8.5.jar Service=Knot/Fabric Env=CLIENT
[13:53:59] [main/INFO] (FabricLoader/Mixin) Loaded Fabric development mappings for mixin remapper!
[13:53:59] [main/INFO] (FabricLoader/Mixin) Compatibility level set to JAVA_16
[13:53:59] [main/INFO] (FabricLoader/Mixin) Compatibility level set to JAVA_17
[13:54:03] [main/WARN] (FabricLoader/Mixin) @Inject(@At("INVOKE")) Shift.BY=3 on fabric-lifecycle-events-v1.mixins.json:client.WorldChunkMixin::handler$zbb000$onLoadBlockEntity exceeds the maximum allowed value: 0. Increase the value of maxShiftBy to suppress this warning.
[13:54:06] [Render thread/INFO] (Minecraft) Environment: authHost='https://authserver.mojang.com', accountsHost='https://api.mojang.com', sessionHost='https://sessionserver.mojang.com', servicesHost='https://api.minecraftservices.com', name='PROD'
[13:54:07] [Render thread/ERROR] (Minecraft) Failed to verify authentication
com.mojang.authlib.exceptions.InvalidCredentialsException: Status: 401
	at com.mojang.authlib.exceptions.MinecraftClientHttpException.toAuthenticationException(MinecraftClientHttpException.java:56) ~[authlib-3.3.39.jar:?]
	at com.mojang.authlib.yggdrasil.YggdrasilUserApiService.fetchProperties(YggdrasilUserApiService.java:132) ~[authlib-3.3.39.jar:?]
	at com.mojang.authlib.yggdrasil.YggdrasilUserApiService.<init>(YggdrasilUserApiService.java:44) ~[authlib-3.3.39.jar:?]
	at com.mojang.authlib.yggdrasil.YggdrasilAuthenticationService.createUserApiService(YggdrasilAuthenticationService.java:153) ~[authlib-3.3.39.jar:?]
	at net.minecraft.client.MinecraftClient.createUserApiService(MinecraftClient.java:673) [minecraft-project-@-merged-named.jar:?]
	at net.minecraft.client.MinecraftClient.<init>(MinecraftClient.java:495) [minecraft-project-@-merged-named.jar:?]
	at net.minecraft.client.main.Main.main(Main.java:178) [minecraft-project-@-merged-named.jar:?]
	at jdk.internal.reflect.NativeMethodAccessorImpl.invoke0(Native Method) ~[?:?]
	at jdk.internal.reflect.NativeMethodAccessorImpl.invoke(NativeMethodAccessorImpl.java:77) ~[?:?]
	at jdk.internal.reflect.DelegatingMethodAccessorImpl.invoke(DelegatingMethodAccessorImpl.java:43) ~[?:?]
	at java.lang.reflect.Method.invoke(Method.java:568) ~[?:?]
	at net.fabricmc.loader.impl.game.minecraft.MinecraftGameProvider.launch(MinecraftGameProvider.java:416) [fabric-loader-0.13.3.jar:?]
	at net.fabricmc.loader.impl.launch.knot.Knot.launch(Knot.java:77) [fabric-loader-0.13.3.jar:?]
	at net.fabricmc.loader.impl.launch.knot.KnotClient.main(KnotClient.java:23) [fabric-loader-0.13.3.jar:?]
	at net.fabricmc.devlaunchinjector.Main.main(Main.java:86) [dev-launch-injector-0.2.1+build.8.jar:?]
Caused by: com.mojang.authlib.exceptions.MinecraftClientHttpException: Status: 401
	at com.mojang.authlib.minecraft.client.MinecraftClient.readInputStream(MinecraftClient.java:78) ~[authlib-3.3.39.jar:?]
	at com.mojang.authlib.minecraft.client.MinecraftClient.get(MinecraftClient.java:48) ~[authlib-3.3.39.jar:?]
	at com.mojang.authlib.yggdrasil.YggdrasilUserApiService.fetchProperties(YggdrasilUserApiService.java:113) ~[authlib-3.3.39.jar:?]
	... 13 more
[13:54:07] [Render thread/INFO] (Minecraft) Setting user: Player451
[13:54:07] [Render thread/INFO] (modid) Hello Fabric world!
[13:54:07] [Render thread/INFO] (Indigo) [Indigo] Registering Indigo renderer!
[13:54:08] [Render thread/INFO] (Minecraft) Backend library: LWJGL version 3.2.2 build 10
[13:54:10] [Render thread/INFO] (Minecraft) Narrator library successfully loaded
[13:54:10] [Render thread/INFO] (Minecraft) Reloading ResourceManager: Default, Fabric Mods (Fabric Data Generation API (v1), Fabric Commands (v0), Fabric Game Rule API (v1), Fabric Key Bindings (v0), Fabric Lifecycle Events (v1), Fabric Networking API (v1), Fabric Loader, Fabric Rendering Data Attachment (v1), Fabric Resource Conditions API (v1), Fabric Game Test API (v1), Fabric Item Groups (v0), Fabric Networking (v0), Fabric Resource Loader (v0), Fabric Key Binding API (v1), Fabric Command API (v1), Fabric Dimensions API (v1), Fabric Transfer API (v1), Fabric Containers (v0), Fabric Entity Events (v1), Fabric API, Fabric Rendering (v0), Fabric Content Registries (v0), Fabric BlockRenderLayer Registration (v1), Fabric Screen API (v1), Fabric Crash Report Info (v1), Fabric Screen Handler API (v1), Fabric Biome API (v1), Fabric Textures (v0), Fabric Rendering Fluids (v1), Fabric Events Interaction (v0), Fabric Renderer API (v1), Example Mod, Fabric Renderer - Indigo, Fabric Models (v0), Fabric Mining Level API (v1), Fabric Events Lifecycle (v0), Fabric API Base, Fabric Registry Sync (v0), Fabric API Lookup API (v1), Fabric Loot Tables (v1), Fabric Particles (v1), Fabric Renderer Registries (v1), Fabric Object Builder API (v1), Fabric Rendering (v1), Fabric Item API (v1))
[13:54:10] [Render thread/INFO] (modid) This line is printed by an example mod mixin!
[13:54:11] [Realms Notification Availability checker #1/INFO] (Minecraft) Could not authorize you against Realms server: Invalid session id
[13:54:13] [Worker-Main-12/WARN] (Minecraft) Unable to load model: 'tutorial:custom_item#inventory' referenced from: tutorial:custom_item#inventory: java.io.FileNotFoundException: tutorial:models/item/custom_item.json
[13:54:14] [Render thread/INFO] (Minecraft) OpenAL initialized on device Audio interne Stéréo analogique
[13:54:14] [Render thread/INFO] (Minecraft) Sound engine started
[13:54:15] [Render thread/INFO] (Minecraft) Created: 1024x1024x4 minecraft:textures/atlas/blocks.png-atlas
[13:54:15] [Render thread/INFO] (Minecraft) Created: 256x128x4 minecraft:textures/atlas/signs.png-atlas
[13:54:15] [Render thread/INFO] (Minecraft) Created: 1024x512x4 minecraft:textures/atlas/banner_patterns.png-atlas
[13:54:15] [Render thread/INFO] (Minecraft) Created: 1024x512x4 minecraft:textures/atlas/shield_patterns.png-atlas
[13:54:15] [Render thread/INFO] (Minecraft) Created: 256x256x4 minecraft:textures/atlas/chest.png-atlas
[13:54:15] [Render thread/INFO] (Minecraft) Created: 512x256x4 minecraft:textures/atlas/beds.png-atlas
[13:54:15] [Render thread/INFO] (Minecraft) Created: 512x256x4 minecraft:textures/atlas/shulker_boxes.png-atlas
[13:54:17] [Render thread/INFO] (Minecraft) Created: 256x256x0 minecraft:textures/atlas/particles.png-atlas
[13:54:17] [Render thread/INFO] (Minecraft) Created: 256x256x0 minecraft:textures/atlas/paintings.png-atlas
[13:54:17] [Render thread/INFO] (Minecraft) Created: 256x128x0 minecraft:textures/atlas/mob_effects.png-atlas
[13:54:17] [Render thread/INFO] (modid) This line is printed by an example mod mixin!
[13:54:41] [Render thread/INFO] (Minecraft) Deleting level New World
[13:54:41] [Render thread/INFO] (Minecraft) Attempt 1...
[13:54:52] [Render thread/WARN] (Minecraft) Ambiguity between arguments [teleport, location] and [teleport, destination] with inputs: [0.1 -0.5 .9, 0 0 0]
[13:54:52] [Render thread/WARN] (Minecraft) Ambiguity between arguments [teleport, location] and [teleport, targets] with inputs: [0.1 -0.5 .9, 0 0 0]
[13:54:52] [Render thread/WARN] (Minecraft) Ambiguity between arguments [teleport, destination] and [teleport, targets] with inputs: [Player, 0123, @e, dd12be42-52a9-4a91-a8a1-11c01849e498]
[13:54:52] [Render thread/WARN] (Minecraft) Ambiguity between arguments [teleport, targets] and [teleport, destination] with inputs: [Player, 0123, dd12be42-52a9-4a91-a8a1-11c01849e498]
[13:54:52] [Render thread/WARN] (Minecraft) Ambiguity between arguments [teleport, targets, location] and [teleport, targets, destination] with inputs: [0.1 -0.5 .9, 0 0 0]
[13:54:52] [Render thread/INFO] (Minecraft) Loaded 7 recipes
[13:54:53] [Render thread/INFO] (Minecraft) Loaded 1141 advancements
[13:54:53] [Render thread/INFO] (Minecraft) Environment: authHost='https://authserver.mojang.com', accountsHost='https://api.mojang.com', sessionHost='https://sessionserver.mojang.com', servicesHost='https://api.minecraftservices.com', name='PROD'
[13:54:53] [Render thread/INFO] (BiomeModificationImpl) Applied 0 biome modifications to 0 of 61 new biomes in 2.088 ms
[13:54:53] [Server thread/INFO] (Minecraft) Starting integrated minecraft server version 1.18.2
[13:54:53] [Server thread/INFO] (Minecraft) Generating keypair
[13:55:02] [Server thread/INFO] (Minecraft) Preparing start region for dimension minecraft:overworld
[13:55:03] [Render thread/INFO] (Minecraft) Preparing spawn area: 0%
[13:55:03] [Render thread/INFO] (Minecraft) Preparing spawn area: 0%
[13:55:03] [Render thread/INFO] (Minecraft) Preparing spawn area: 0%
[13:55:04] [Render thread/INFO] (Minecraft) Preparing spawn area: 0%
[13:55:04] [Render thread/INFO] (Minecraft) Preparing spawn area: 0%
[13:55:05] [Render thread/INFO] (Minecraft) Preparing spawn area: 1%
[13:55:05] [Render thread/INFO] (Minecraft) Preparing spawn area: 2%
[13:55:06] [Render thread/INFO] (Minecraft) Preparing spawn area: 2%
[13:55:06] [Render thread/INFO] (Minecraft) Preparing spawn area: 3%
[13:55:07] [Render thread/INFO] (Minecraft) Preparing spawn area: 4%
[13:55:07] [Render thread/INFO] (Minecraft) Preparing spawn area: 6%
[13:55:08] [Render thread/INFO] (Minecraft) Preparing spawn area: 7%
[13:55:08] [Render thread/INFO] (Minecraft) Preparing spawn area: 8%
[13:55:09] [Render thread/INFO] (Minecraft) Preparing spawn area: 10%
[13:55:09] [Render thread/INFO] (Minecraft) Preparing spawn area: 12%
[13:55:10] [Render thread/INFO] (Minecraft) Preparing spawn area: 13%
[13:55:10] [Render thread/INFO] (Minecraft) Preparing spawn area: 16%
[13:55:11] [Render thread/INFO] (Minecraft) Preparing spawn area: 18%
[13:55:11] [Render thread/INFO] (Minecraft) Preparing spawn area: 20%
[13:55:12] [Render thread/INFO] (Minecraft) Preparing spawn area: 21%
[13:55:12] [Render thread/INFO] (Minecraft) Preparing spawn area: 24%
[13:55:13] [Render thread/INFO] (Minecraft) Preparing spawn area: 26%
[13:55:13] [Render thread/INFO] (Minecraft) Preparing spawn area: 28%
[13:55:14] [Render thread/INFO] (Minecraft) Preparing spawn area: 29%
[13:55:14] [Render thread/INFO] (Minecraft) Preparing spawn area: 32%
[13:55:15] [Render thread/INFO] (Minecraft) Preparing spawn area: 34%
[13:55:15] [Render thread/INFO] (Minecraft) Preparing spawn area: 35%
[13:55:16] [Render thread/INFO] (Minecraft) Preparing spawn area: 38%
[13:55:16] [Render thread/INFO] (Minecraft) Preparing spawn area: 41%
[13:55:17] [Render thread/INFO] (Minecraft) Preparing spawn area: 43%
[13:55:17] [Render thread/INFO] (Minecraft) Preparing spawn area: 44%
[13:55:18] [Render thread/INFO] (Minecraft) Preparing spawn area: 46%
[13:55:18] [Render thread/INFO] (Minecraft) Preparing spawn area: 50%
[13:55:19] [Render thread/INFO] (Minecraft) Preparing spawn area: 53%
[13:55:19] [Render thread/INFO] (Minecraft) Preparing spawn area: 55%
[13:55:20] [Render thread/INFO] (Minecraft) Preparing spawn area: 56%
[13:55:20] [Render thread/INFO] (Minecraft) Preparing spawn area: 59%
[13:55:21] [Render thread/INFO] (Minecraft) Preparing spawn area: 62%
[13:55:21] [Render thread/INFO] (Minecraft) Preparing spawn area: 65%
[13:55:22] [Render thread/INFO] (Minecraft) Preparing spawn area: 67%
[13:55:22] [Render thread/INFO] (Minecraft) Preparing spawn area: 69%
[13:55:23] [Render thread/INFO] (Minecraft) Preparing spawn area: 71%
[13:55:23] [Render thread/INFO] (Minecraft) Preparing spawn area: 74%
[13:55:24] [Render thread/INFO] (Minecraft) Preparing spawn area: 77%
[13:55:24] [Render thread/INFO] (Minecraft) Preparing spawn area: 80%
[13:55:25] [Render thread/INFO] (Minecraft) Preparing spawn area: 83%
[13:55:25] [Render thread/INFO] (Minecraft) Preparing spawn area: 85%
[13:55:26] [Render thread/INFO] (Minecraft) Preparing spawn area: 88%
[13:55:26] [Render thread/INFO] (Minecraft) Preparing spawn area: 90%
[13:55:27] [Render thread/INFO] (Minecraft) Preparing spawn area: 92%
[13:55:27] [Render thread/INFO] (Minecraft) Preparing spawn area: 95%
[13:55:28] [Render thread/INFO] (Minecraft) Preparing spawn area: 98%
[13:55:28] [Render thread/INFO] (Minecraft) Time elapsed: 25809 ms
[13:55:28] [Server thread/INFO] (Minecraft) Changing view distance to 12, from 10
[13:55:28] [Server thread/INFO] (Minecraft) Changing simulation distance to 12, from 0
[13:55:28] [Server thread/INFO] (Minecraft) Player451[local:E:aeddbbcf] logged in with entity id 301 at (2.5, 83.0, -6.5)
[13:55:28] [Server thread/INFO] (Minecraft) Player451 joined the game
[13:55:29] [Render thread/INFO] (Minecraft) Loaded 0 advancements
[14:08:43] [Render thread/INFO] (Minecraft) Stopping!
[14:08:43] [Server thread/INFO] (Minecraft) Player451 lost connection: Disconnected
[14:08:43] [Server thread/INFO] (Minecraft) Player451 left the game
[14:08:43] [Server thread/INFO] (Minecraft) Stopping singleplayer server as player logged out
[14:08:43] [Server thread/INFO] (Minecraft) Stopping server
[14:08:43] [Server thread/INFO] (Minecraft) Saving players
[14:08:43] [Server thread/INFO] (Minecraft) Saving worlds
[14:08:44] [Server thread/INFO] (Minecraft) Saving chunks for level 'ServerLevel[New World]'/minecraft:overworld
[14:08:44] [Server thread/INFO] (Minecraft) Saving chunks for level 'ServerLevel[New World]'/minecraft:the_end
[14:08:44] [Server thread/INFO] (Minecraft) Saving chunks for level 'ServerLevel[New World]'/minecraft:the_nether
[14:08:44] [Server thread/INFO] (Minecraft) ThreadedAnvilChunkStorage (New World): All chunks are saved
[14:08:44] [Server thread/INFO] (Minecraft) ThreadedAnvilChunkStorage (DIM1): All chunks are saved
[14:08:44] [Server thread/INFO] (Minecraft) ThreadedAnvilChunkStorage (DIM-1): All chunks are saved
[14:08:44] [Server thread/INFO] (Minecraft) ThreadedAnvilChunkStorage: All dimensions are saved
